2025-03-22 13:45:25 [http-nio-8080-exec-1] DEBUG org.hibernate.SQL - 
    update
        products 
    set
        category_id=?,
        created_at=?,
        description=?,
        discount_percentage=?,
        image_url=?,
        name=?,
        price=?,
        stock_quantity=?,
        updated_at=? 
    where
        id=?
2025-03-22 13:45:25 [http-nio-8080-exec-1] TRACE o.h.type.descriptor.sql.BasicBinder - binding parameter [1] as [BIGINT] - [8]
2025-03-22 13:45:25 [http-nio-8080-exec-1] TRACE o.h.type.descriptor.sql.BasicBinder - binding parameter [2] as [TIMESTAMP] - [2025-03-21T07:49:51.991729]
2025-03-22 13:45:25 [http-nio-8080-exec-1] TRACE o.h.type.descriptor.sql.BasicBinder - binding parameter [3] as [VARCHAR] - [udpated description]
2025-03-22 13:45:25 [http-nio-8080-exec-1] TRACE o.h.type.descriptor.sql.BasicBinder - binding parameter [4] as [INTEGER] - [13]
2025-03-22 13:45:25 [http-nio-8080-exec-1] TRACE o.h.type.descriptor.sql.BasicBinder - binding parameter [5] as [VARCHAR] - [products/9debece3-06a9-4703-ae61-1a6b37807e99.jpg]
2025-03-22 13:45:25 [http-nio-8080-exec-1] TRACE o.h.type.descriptor.sql.BasicBinder - binding parameter [6] as [VARCHAR] - [Updated product]
2025-03-22 13:45:25 [http-nio-8080-exec-1] TRACE o.h.type.descriptor.sql.BasicBinder - binding parameter [7] as [NUMERIC] - [83]
2025-03-22 13:45:25 [http-nio-8080-exec-1] TRACE o.h.type.descriptor.sql.BasicBinder - binding parameter [8] as [INTEGER] - [100]
2025-03-22 13:45:25 [http-nio-8080-exec-1] TRACE o.h.type.descriptor.sql.BasicBinder - binding parameter [9] as [TIMESTAMP] - [2025-03-22T13:45:25.004323800]
2025-03-22 13:45:25 [http-nio-8080-exec-1] TRACE o.h.type.descriptor.sql.BasicBinder - binding parameter [10] as [BIGINT] - [1]
2025-03-22 13:45:25 [http-nio-8080-exec-1] INFO  c.s.api.services.FileStorageService - Successfully stored file in database with path: products/dd8c0a67-0579-4829-a059-94a7bbe867c2.jpg
2025-03-22 13:45:25 [http-nio-8080-exec-1] DEBUG org.hibernate.SQL - 
    update
        products 
    set
        category_id=?,
        created_at=?,
        description=?,
        discount_percentage=?,
        image_url=?,
        name=?,
        price=?,
        stock_quantity=?,
        updated_at=? 
    where
        id=?
2025-03-22 13:45:25 [http-nio-8080-exec-1] TRACE o.h.type.descriptor.sql.BasicBinder - binding parameter [1] as [BIGINT] - [8]
2025-03-22 13:45:25 [http-nio-8080-exec-1] TRACE o.h.type.descriptor.sql.BasicBinder - binding parameter [2] as [TIMESTAMP] - [2025-03-21T07:49:51.991729]
2025-03-22 13:45:25 [http-nio-8080-exec-1] TRACE o.h.type.descriptor.sql.BasicBinder - binding parameter [3] as [VARCHAR] - [udpated description]
2025-03-22 13:45:25 [http-nio-8080-exec-1] TRACE o.h.type.descriptor.sql.BasicBinder - binding parameter [4] as [INTEGER] - [13]
2025-03-22 13:45:25 [http-nio-8080-exec-1] TRACE o.h.type.descriptor.sql.BasicBinder - binding parameter [5] as [VARCHAR] - [products/dd8c0a67-0579-4829-a059-94a7bbe867c2.jpg]
2025-03-22 13:45:25 [http-nio-8080-exec-1] TRACE o.h.type.descriptor.sql.BasicBinder - binding parameter [6] as [VARCHAR] - [Updated product]
2025-03-22 13:45:25 [http-nio-8080-exec-1] TRACE o.h.type.descriptor.sql.BasicBinder - binding parameter [7] as [NUMERIC] - [83]
2025-03-22 13:45:25 [http-nio-8080-exec-1] TRACE o.h.type.descriptor.sql.BasicBinder - binding parameter [8] as [INTEGER] - [100]
2025-03-22 13:45:25 [http-nio-8080-exec-1] TRACE o.h.type.descriptor.sql.BasicBinder - binding parameter [9] as [TIMESTAMP] - [2025-03-22T13:45:25.136348100]
2025-03-22 13:45:25 [http-nio-8080-exec-1] TRACE o.h.type.descriptor.sql.BasicBinder - binding parameter [10] as [BIGINT] - [1]
2025-03-22 13:45:32 [http-nio-8080-exec-8] DEBUG org.hibernate.SQL - 
    select
        product0_.id as id1_7_,
        product0_.category_id as categor10_7_,
        product0_.created_at as created_2_7_,
        product0_.description as descript3_7_,
        product0_.discount_percentage as discount4_7_,
        product0_.image_url as image_ur5_7_,
        product0_.name as name6_7_,
        product0_.price as price7_7_,
        product0_.stock_quantity as stock_qu8_7_,
        product0_.updated_at as updated_9_7_ 
    from
        products product0_ 
    where
        (
            ? is null 
            or product0_.category_id=?
        ) 
        and (
            ? is null 
            or product0_.price>=?
        ) 
        and (
            ? is null 
            or product0_.price<=?
        )
2025-03-22 13:45:32 [http-nio-8080-exec-8] TRACE o.h.type.descriptor.sql.BasicBinder - binding parameter [1] as [BIGINT] - [7]
2025-03-22 13:45:32 [http-nio-8080-exec-8] TRACE o.h.type.descriptor.sql.BasicBinder - binding parameter [2] as [BIGINT] - [7]
2025-03-22 13:45:32 [http-nio-8080-exec-8] TRACE o.h.type.descriptor.sql.BasicBinder - binding parameter [3] as [NUMERIC] - [null]
2025-03-22 13:45:32 [http-nio-8080-exec-8] TRACE o.h.type.descriptor.sql.BasicBinder - binding parameter [4] as [NUMERIC] - [null]
2025-03-22 13:45:32 [http-nio-8080-exec-8] TRACE o.h.type.descriptor.sql.BasicBinder - binding parameter [5] as [NUMERIC] - [null]
2025-03-22 13:45:32 [http-nio-8080-exec-8] TRACE o.h.type.descriptor.sql.BasicBinder - binding parameter [6] as [NUMERIC] - [null]
2025-03-22 13:45:32 [http-nio-8080-exec-8] DEBUG org.hibernate.SQL - 
    select
        category0_.id as id1_2_0_,
        category0_.created_at as created_2_2_0_,
        category0_.description as descript3_2_0_,
        category0_.image_path as image_pa4_2_0_,
        category0_.name as name5_2_0_,
        category0_.updated_at as updated_6_2_0_ 
    from
        categories category0_ 
    where
        category0_.id=?
2025-03-22 13:45:32 [http-nio-8080-exec-8] TRACE o.h.type.descriptor.sql.BasicBinder - binding parameter [1] as [BIGINT] - [7]
2025-03-22 14:04:48 [SpringApplicationShutdownHook] INFO  o.s.o.j.LocalContainerEntityManagerFactoryBean - Closing JPA EntityManagerFactory for persistence unit 'default'
2025-03-22 14:04:48 [SpringApplicationShutdownHook] INFO  com.zaxxer.hikari.HikariDataSource - HikariPool-1 - Shutdown initiated...
2025-03-22 14:04:48 [SpringApplicationShutdownHook] INFO  com.zaxxer.hikari.HikariDataSource - HikariPool-1 - Shutdown completed.
2025-03-22 14:04:57 [main] INFO  c.smartshop.api.SmartShopApplication - Starting SmartShopApplication using Java 17.0.14 on DESKTOP-5RIF71Q with PID 5304 (C:\Users\Rohit\Downloads\Smart_Shope_backend-main\target\classes started by Rohit in C:\Users\Rohit\Downloads\Smart_Shope_backend-main)
2025-03-22 14:04:57 [main] DEBUG c.smartshop.api.SmartShopApplication - Running with Spring Boot v2.7.14, Spring v5.3.29
2025-03-22 14:04:57 [main] INFO  c.smartshop.api.SmartShopApplication - No active profile set, falling back to 1 default profile: "default"
2025-03-22 14:04:58 [main] INFO  o.s.d.r.c.RepositoryConfigurationDelegate - Bootstrapping Spring Data JPA repositories in DEFAULT mode.
2025-03-22 14:04:58 [main] INFO  o.s.d.r.c.RepositoryConfigurationDelegate - Finished Spring Data repository scanning in 89 ms. Found 11 JPA repository interfaces.
2025-03-22 14:04:58 [main] INFO  o.s.b.w.e.tomcat.TomcatWebServer - Tomcat initialized with port(s): 8080 (http)
2025-03-22 14:04:58 [main] INFO  o.a.catalina.core.StandardService - Starting service [Tomcat]
2025-03-22 14:04:58 [main] INFO  o.a.catalina.core.StandardEngine - Starting Servlet engine: [Apache Tomcat/9.0.78]
2025-03-22 14:04:59 [main] INFO  o.a.c.c.C.[.[localhost].[/api] - Initializing Spring embedded WebApplicationContext
2025-03-22 14:04:59 [main] INFO  o.s.b.w.s.c.ServletWebServerApplicationContext - Root WebApplicationContext: initialization completed in 1857 ms
2025-03-22 14:04:59 [main] INFO  o.h.jpa.internal.util.LogHelper - HHH000204: Processing PersistenceUnitInfo [name: default]
2025-03-22 14:04:59 [main] INFO  org.hibernate.Version - HHH000412: Hibernate ORM core version 5.6.15.Final
2025-03-22 14:04:59 [main] INFO  o.h.annotations.common.Version - HCANN000001: Hibernate Commons Annotations {5.1.2.Final}
2025-03-22 14:04:59 [main] INFO  com.zaxxer.hikari.HikariDataSource - HikariPool-1 - Starting...
2025-03-22 14:05:00 [main] INFO  com.zaxxer.hikari.HikariDataSource - HikariPool-1 - Start completed.
2025-03-22 14:05:00 [main] INFO  org.hibernate.dialect.Dialect - HHH000400: Using dialect: org.hibernate.dialect.PostgreSQLDialect
2025-03-22 14:05:04 [main] INFO  o.h.e.t.j.p.i.JtaPlatformInitiator - HHH000490: Using JtaPlatform implementation: [org.hibernate.engine.transaction.jta.platform.internal.NoJtaPlatform]
2025-03-22 14:05:04 [main] INFO  o.s.o.j.LocalContainerEntityManagerFactoryBean - Initialized JPA EntityManagerFactory for persistence unit 'default'
2025-03-22 14:05:05 [main] DEBUG c.s.api.security.jwt.AuthTokenFilter - Filter 'authenticationJwtTokenFilter' configured for use
2025-03-22 14:05:05 [main] INFO  c.s.api.services.FileStorageService - Initialized file storage service for database storage
2025-03-22 14:05:06 [main] INFO  o.s.s.web.DefaultSecurityFilterChain - Will secure any request with [org.springframework.security.web.session.DisableEncodeUrlFilter@212be8c, org.springframework.security.web.context.request.async.WebAsyncManagerIntegrationFilter@3fe21d0e, org.springframework.security.web.context.SecurityContextPersistenceFilter@3e371088, org.springframework.security.web.header.HeaderWriterFilter@4be5b9b1, org.springframework.web.filter.CorsFilter@787b7796, org.springframework.security.web.authentication.logout.LogoutFilter@61375dff, com.smartshop.api.security.jwt.AuthTokenFilter@446981a4, org.springframework.security.web.savedrequest.RequestCacheAwareFilter@3a89226e, org.springframework.security.web.servletapi.SecurityContextHolderAwareRequestFilter@7603cfc2, org.springframework.security.web.authentication.AnonymousAuthenticationFilter@a0e35c3, org.springframework.security.web.session.SessionManagementFilter@14745c3c, org.springframework.security.web.access.ExceptionTranslationFilter@7d432bc0, org.springframework.security.web.access.intercept.FilterSecurityInterceptor@77185a2]
2025-03-22 14:05:06 [main] INFO  o.s.b.w.e.tomcat.TomcatWebServer - Tomcat started on port(s): 8080 (http) with context path '/api'
2025-03-22 14:05:06 [main] INFO  c.smartshop.api.SmartShopApplication - Started SmartShopApplication in 10.204 seconds (JVM running for 10.595)
2025-03-22 14:05:06 [main] DEBUG org.hibernate.SQL - 
    select
        count(*) as col_0_0_ 
    from
        roles role0_
2025-03-22 14:05:07 [main] DEBUG org.hibernate.SQL - 
    select
        user0_.id as col_0_0_ 
    from
        users user0_ 
    where
        user0_.email=? limit ?
2025-03-22 14:05:07 [main] TRACE o.h.type.descriptor.sql.BasicBinder - binding parameter [1] as [VARCHAR] - [admin@smartshop.com]
2025-03-22 14:05:10 [http-nio-8080-exec-4] INFO  o.a.c.c.C.[.[localhost].[/api] - Initializing Spring DispatcherServlet 'dispatcherServlet'
2025-03-22 14:05:10 [http-nio-8080-exec-4] INFO  o.s.web.servlet.DispatcherServlet - Initializing Servlet 'dispatcherServlet'
2025-03-22 14:05:10 [http-nio-8080-exec-4] INFO  o.s.web.servlet.DispatcherServlet - Completed initialization in 1 ms
2025-03-22 14:05:10 [http-nio-8080-exec-4] DEBUG org.hibernate.SQL - 
    select
        product0_.id as id1_7_0_,
        product0_.category_id as categor10_7_0_,
        product0_.created_at as created_2_7_0_,
        product0_.description as descript3_7_0_,
        product0_.discount_percentage as discount4_7_0_,
        product0_.image_url as image_ur5_7_0_,
        product0_.name as name6_7_0_,
        product0_.price as price7_7_0_,
        product0_.stock_quantity as stock_qu8_7_0_,
        product0_.updated_at as updated_9_7_0_,
        category1_.id as id1_2_1_,
        category1_.created_at as created_2_2_1_,
        category1_.description as descript3_2_1_,
        category1_.image_path as image_pa4_2_1_,
        category1_.name as name5_2_1_,
        category1_.updated_at as updated_6_2_1_ 
    from
        products product0_ 
    left outer join
        categories category1_ 
            on product0_.category_id=category1_.id 
    where
        product0_.id=?
2025-03-22 14:05:10 [http-nio-8080-exec-4] TRACE o.h.type.descriptor.sql.BasicBinder - binding parameter [1] as [BIGINT] - [8]
2025-03-22 14:05:18 [http-nio-8080-exec-6] DEBUG org.hibernate.SQL - 
    select
        product0_.id as id1_7_,
        product0_.category_id as categor10_7_,
        product0_.created_at as created_2_7_,
        product0_.description as descript3_7_,
        product0_.discount_percentage as discount4_7_,
        product0_.image_url as image_ur5_7_,
        product0_.name as name6_7_,
        product0_.price as price7_7_,
        product0_.stock_quantity as stock_qu8_7_,
        product0_.updated_at as updated_9_7_ 
    from
        products product0_ 
    where
        upper(product0_.name) like upper(?) escape ?
2025-03-22 14:05:18 [http-nio-8080-exec-6] TRACE o.h.type.descriptor.sql.BasicBinder - binding parameter [1] as [VARCHAR] - [%Tel%]
2025-03-22 14:05:18 [http-nio-8080-exec-6] TRACE o.h.type.descriptor.sql.BasicBinder - binding parameter [2] as [CHAR] - [\]
2025-03-22 14:05:24 [http-nio-8080-exec-2] DEBUG org.hibernate.SQL - 
    select
        product0_.id as id1_7_,
        product0_.category_id as categor10_7_,
        product0_.created_at as created_2_7_,
        product0_.description as descript3_7_,
        product0_.discount_percentage as discount4_7_,
        product0_.image_url as image_ur5_7_,
        product0_.name as name6_7_,
        product0_.price as price7_7_,
        product0_.stock_quantity as stock_qu8_7_,
        product0_.updated_at as updated_9_7_ 
    from
        products product0_ 
    where
        upper(product0_.name) like upper(?) escape ?
2025-03-22 14:05:24 [http-nio-8080-exec-2] TRACE o.h.type.descriptor.sql.BasicBinder - binding parameter [1] as [VARCHAR] - [%Tel%]
2025-03-22 14:05:24 [http-nio-8080-exec-2] TRACE o.h.type.descriptor.sql.BasicBinder - binding parameter [2] as [CHAR] - [\]
2025-03-22 14:05:35 [http-nio-8080-exec-5] DEBUG org.hibernate.SQL - 
    select
        product0_.id as id1_7_,
        product0_.category_id as categor10_7_,
        product0_.created_at as created_2_7_,
        product0_.description as descript3_7_,
        product0_.discount_percentage as discount4_7_,
        product0_.image_url as image_ur5_7_,
        product0_.name as name6_7_,
        product0_.price as price7_7_,
        product0_.stock_quantity as stock_qu8_7_,
        product0_.updated_at as updated_9_7_ 
    from
        products product0_
2025-03-22 14:05:35 [http-nio-8080-exec-5] DEBUG org.hibernate.SQL - 
    select
        category0_.id as id1_2_0_,
        category0_.created_at as created_2_2_0_,
        category0_.description as descript3_2_0_,
        category0_.image_path as image_pa4_2_0_,
        category0_.name as name5_2_0_,
        category0_.updated_at as updated_6_2_0_ 
    from
        categories category0_ 
    where
        category0_.id=?
2025-03-22 14:05:35 [http-nio-8080-exec-5] TRACE o.h.type.descriptor.sql.BasicBinder - binding parameter [1] as [BIGINT] - [1]
2025-03-22 14:05:35 [http-nio-8080-exec-5] DEBUG org.hibernate.SQL - 
    select
        category0_.id as id1_2_0_,
        category0_.created_at as created_2_2_0_,
        category0_.description as descript3_2_0_,
        category0_.image_path as image_pa4_2_0_,
        category0_.name as name5_2_0_,
        category0_.updated_at as updated_6_2_0_ 
    from
        categories category0_ 
    where
        category0_.id=?
2025-03-22 14:05:35 [http-nio-8080-exec-5] TRACE o.h.type.descriptor.sql.BasicBinder - binding parameter [1] as [BIGINT] - [6]
2025-03-22 14:05:35 [http-nio-8080-exec-5] DEBUG org.hibernate.SQL - 
    select
        category0_.id as id1_2_0_,
        category0_.created_at as created_2_2_0_,
        category0_.description as descript3_2_0_,
        category0_.image_path as image_pa4_2_0_,
        category0_.name as name5_2_0_,
        category0_.updated_at as updated_6_2_0_ 
    from
        categories category0_ 
    where
        category0_.id=?
2025-03-22 14:05:35 [http-nio-8080-exec-5] TRACE o.h.type.descriptor.sql.BasicBinder - binding parameter [1] as [BIGINT] - [3]
2025-03-22 14:05:35 [http-nio-8080-exec-5] DEBUG org.hibernate.SQL - 
    select
        category0_.id as id1_2_0_,
        category0_.created_at as created_2_2_0_,
        category0_.description as descript3_2_0_,
        category0_.image_path as image_pa4_2_0_,
        category0_.name as name5_2_0_,
        category0_.updated_at as updated_6_2_0_ 
    from
        categories category0_ 
    where
        category0_.id=?
2025-03-22 14:05:35 [http-nio-8080-exec-5] TRACE o.h.type.descriptor.sql.BasicBinder - binding parameter [1] as [BIGINT] - [7]
2025-03-22 14:05:35 [http-nio-8080-exec-5] DEBUG org.hibernate.SQL - 
    select
        category0_.id as id1_2_0_,
        category0_.created_at as created_2_2_0_,
        category0_.description as descript3_2_0_,
        category0_.image_path as image_pa4_2_0_,
        category0_.name as name5_2_0_,
        category0_.updated_at as updated_6_2_0_ 
    from
        categories category0_ 
    where
        category0_.id=?
2025-03-22 14:05:35 [http-nio-8080-exec-5] TRACE o.h.type.descriptor.sql.BasicBinder - binding parameter [1] as [BIGINT] - [8]
2025-03-22 14:08:54 [SpringApplicationShutdownHook] INFO  o.s.o.j.LocalContainerEntityManagerFactoryBean - Closing JPA EntityManagerFactory for persistence unit 'default'
2025-03-22 14:08:54 [SpringApplicationShutdownHook] INFO  com.zaxxer.hikari.HikariDataSource - HikariPool-1 - Shutdown initiated...
2025-03-22 14:08:54 [SpringApplicationShutdownHook] INFO  com.zaxxer.hikari.HikariDataSource - HikariPool-1 - Shutdown completed.
